Determining if the pthread_create exist failed with the following output:
Change Dir: /home/sukee/Dropbox/Project/build/CMakeFiles/CMakeTmp

Run Build Command:"/usr/bin/make" "cmTC_a9aee/fast"
/usr/bin/make -f CMakeFiles/cmTC_a9aee.dir/build.make CMakeFiles/cmTC_a9aee.dir/build
make[1]: Entering directory '/home/sukee/Dropbox/Project/build/CMakeFiles/CMakeTmp'
Building C object CMakeFiles/cmTC_a9aee.dir/CheckSymbolExists.c.o
/usr/bin/cc    -o CMakeFiles/cmTC_a9aee.dir/CheckSymbolExists.c.o   -c /home/sukee/Dropbox/Project/build/CMakeFiles/CMakeTmp/CheckSymbolExists.c
Linking C executable cmTC_a9aee
/usr/local/bin/cmake -E cmake_link_script CMakeFiles/cmTC_a9aee.dir/link.txt --verbose=1
/usr/bin/cc      -rdynamic CMakeFiles/cmTC_a9aee.dir/CheckSymbolExists.c.o  -o cmTC_a9aee 
CMakeFiles/cmTC_a9aee.dir/CheckSymbolExists.c.o: In function `main':
CheckSymbolExists.c:(.text+0x16): undefined reference to `pthread_create'
collect2: error: ld returned 1 exit status
CMakeFiles/cmTC_a9aee.dir/build.make:97: recipe for target 'cmTC_a9aee' failed
make[1]: *** [cmTC_a9aee] Error 1
make[1]: Leaving directory '/home/sukee/Dropbox/Project/build/CMakeFiles/CMakeTmp'
Makefile:126: recipe for target 'cmTC_a9aee/fast' failed
make: *** [cmTC_a9aee/fast] Error 2

File /home/sukee/Dropbox/Project/build/CMakeFiles/CMakeTmp/CheckSymbolExists.c:
/* */
#include <pthread.h>

int main(int argc, char** argv)
{
  (void)argv;
#ifndef pthread_create
  return ((int*)(&pthread_create))[argc];
#else
  (void)argc;
  return 0;
#endif
}

